[2020-12-03 09:25:24,450][test.py][line:90][INFO] test dataset length:29999
[2020-12-03 09:25:24,601][test.py][line:111][INFO] loading pretrained model from ./pretrained/crnn.pth
[2020-12-03 09:25:24,793][test.py][line:121][INFO] CRNN(
  (cnn): Sequential(
    (conv0): Conv2d(1, 64, kernel_size=(3, 3), stride=(1, 1), padding=(1, 1))
    (relu0): ReLU(inplace=True)
    (pooling0): MaxPool2d(kernel_size=2, stride=2, padding=0, dilation=1, ceil_mode=False)
    (conv1): Conv2d(64, 128, kernel_size=(3, 3), stride=(1, 1), padding=(1, 1))
    (relu1): ReLU(inplace=True)
    (pooling1): MaxPool2d(kernel_size=2, stride=2, padding=0, dilation=1, ceil_mode=False)
    (conv2): Conv2d(128, 256, kernel_size=(3, 3), stride=(1, 1), padding=(1, 1))
    (batchnorm2): BatchNorm2d(256, eps=1e-05, momentum=0.1, affine=True, track_running_stats=True)
    (relu2): ReLU(inplace=True)
    (conv3): Conv2d(256, 256, kernel_size=(3, 3), stride=(1, 1), padding=(1, 1))
    (relu3): ReLU(inplace=True)
    (pooling2): MaxPool2d(kernel_size=(2, 2), stride=(2, 1), padding=(0, 1), dilation=1, ceil_mode=False)
    (conv4): Conv2d(256, 512, kernel_size=(3, 3), stride=(1, 1), padding=(1, 1))
    (batchnorm4): BatchNorm2d(512, eps=1e-05, momentum=0.1, affine=True, track_running_stats=True)
    (relu4): ReLU(inplace=True)
    (conv5): Conv2d(512, 512, kernel_size=(3, 3), stride=(1, 1), padding=(1, 1))
    (relu5): ReLU(inplace=True)
    (pooling3): MaxPool2d(kernel_size=(2, 2), stride=(2, 1), padding=(0, 1), dilation=1, ceil_mode=False)
    (conv6): Conv2d(512, 512, kernel_size=(2, 2), stride=(1, 1))
    (batchnorm6): BatchNorm2d(512, eps=1e-05, momentum=0.1, affine=True, track_running_stats=True)
    (relu6): ReLU(inplace=True)
    (quant): QuantStub()
    (dequant): DeQuantStub()
  )
  (rnn): Sequential(
    (0): BidirectionalLSTM(
      (rnn): LSTM(512, 256, bidirectional=True)
      (embedding): Linear(in_features=512, out_features=256, bias=True)
    )
    (1): BidirectionalLSTM(
      (rnn): LSTM(256, 256, bidirectional=True)
      (embedding): Linear(in_features=512, out_features=37, bias=True)
    )
  )
)
[2020-12-03 09:25:28,460][test.py][line:136][INFO] start testing!
[2020-12-03 09:25:28,460][train_utils.py][line:7][INFO] Start val
[2020-12-03 09:26:08,090][train_utils.py][line:57][INFO] ww-----aa--n-g--l-ee-r-ss- => wanglers            , gt: WANGLERS            
[2020-12-03 09:26:08,091][train_utils.py][line:57][INFO] p------------u-------ss--- => pus                 , gt: pus                 
[2020-12-03 09:26:08,091][train_utils.py][line:57][INFO] b---e--aa--t-ii-n--g---s-- => beatings            , gt: beatings            
[2020-12-03 09:26:08,091][train_utils.py][line:57][INFO] b---aa-ss-t--i-oo--nn--ss- => bastions            , gt: BASTIONS            
[2020-12-03 09:26:08,091][train_utils.py][line:57][INFO] l-----e---c---h----e---r-- => lecher              , gt: Lecher              
[2020-12-03 09:26:08,091][train_utils.py][line:57][INFO] s---o--r-dd-i-d-n--e-s-ss- => sordidness          , gt: Sordidness          
[2020-12-03 09:26:08,091][train_utils.py][line:57][INFO] rr---u--m---b--l--e---s--- => rumbles             , gt: RUMBLES             
[2020-12-03 09:26:08,091][train_utils.py][line:57][INFO] e--mm--b--e-d---d--e--d--- => embedded            , gt: EMBEDDED            
[2020-12-03 09:26:08,091][train_utils.py][line:57][INFO] p----o--l--y--e-s--t-e-r-- => polyester           , gt: Polyester           
[2020-12-03 09:26:08,091][train_utils.py][line:57][INFO] s-------ll-ii--p----ss---- => slips               , gt: Slips               
[2020-12-03 09:26:08,091][train_utils.py][line:63][INFO] Test loss: 0.628095, accuray: 0.908366
